085-HAIDES.zip
1.jpg
57da6c9a-41a7-44b0-ab8d-815ff2cd5913.csv
AD-CA.pem
AD-CERT.crt
AD-KEY.key
BPZPG1562C-2023.pdf
BRANZ_CO2NSTRUCT_v_2.0_final_protected.xlsx
Bharath_CV.docx.pdf
Bharath_Reddy_Resume.docx
Bharath_Reddy_Resume.docx.pdf
Bharath_Reddy_Resume.pdf
COSMOS Certified Raw Materials.xlsx
CSC Case 1188 Customer Test Action.mkv
CalorificValueDatasets
CalorificValueDatasets.zip
Carbon_Emission_Factors_and_Calorific_Values_2019 (1).csv
Carbon_Emission_Factors_and_Calorific_Values_2019.csv
Cosmos.png
Data model-2.png
Data model-3.png
Data model-4.png
Data model-5.png
Data model.png
Design Document for CS1206.docx
Discord.dmg
EFFN259145.pdf
Golang_Screening Questions Answers.xlsx
Golang_Screening Questions.numbers
Golang_Screening Questions.xlsx
GroceryDB_foods.webarchive
GroceryDB_foods.xlsx
Grocery_DB
Install Around.app
Install Linear.app
Interview questions (2).doc
Investment Declaration 22-23 (1).xlsx
Investment Declaration 22-23.xlsx
NIFTY 50_Data.csv
New Doc 2023-04-12 15.06.55.pdf
New Folder
NewPG
Production Graph #2
QAI_JD_Backend Developer.pdf
Resume.pdf
VirtualBox-6.1.34-150636-OSX.dmg.download
Zoom-2.pkg
Zoom.pkg
ad-ca-cert.pem
c67db3ce8195ac2ba59a0015f0e888b3-939fca02453aa3271179444b15ba40189acd2ec4
check_parsed.csv
checkes.csv
circa-analysis-service-demo.pem
cosmos.csv
duplicates.csv
duplicates1.csv
duplicates3.csv
export.csv
export1.csv
export3.csv
final_parsed.csv
final_two.csv
generateSupplyChain
ind_niftynext50list.csv
ingredients.csv
ldap-docker.yaml
models.go
mover.py
onlyone.csv
onlyone1.csv
openvpn-connect-3.3.1.4000_signed.dmg.download
ozLCI2019
parsed.csv
parsed1.csv
parsed2.csv
sorted_csv.csv
st2 code flow.drawio
taxpnl-GA0273.xlsx
tf02918880_win32.dotx
v2
v2.zip
your-cert.crt
your-key.key
